
# Please enter the commit message for your changes. Lines starting
# with '#' will be ignored, and an empty message aborts the commit.
#
# On branch master
# Your branch is up to date with 'origin/master'.
#
# Changes to be committed:
#	modified:   submission/supplementary/code/core/__pycache__/basis.cpython-311.pyc
#	modified:   submission/supplementary/code/core/__pycache__/field.cpython-311.pyc
#	modified:   submission/supplementary/code/core/__pycache__/types.cpython-311.pyc
#	modified:   submission/supplementary/code/core/basis.py
#	modified:   submission/supplementary/code/core/field.py
#	modified:   submission/supplementary/code/core/types.py
#	modified:   submission/supplementary/code/verify.sh
#
10 tests passing for basis.py:

============================================================ test session starts =============================================================
platform darwin -- Python 3.11.10, pytest-8.3.4, pluggy-1.5.0 -- /Users/phx/.pyenv/versions/3.11.10/envs/deepfake/bin/python
cachedir: .pytest_cache
hypothesis profile 'default' -> database=DirectoryBasedExampleDatabase(PosixPath('/Users/phx/git/whitney/submission/supplementary/code/.hypothesis/examples'))
benchmark: 5.1.0 (defaults: timer=time.perf_counter disable_gc=False min_rounds=5 min_time=0.000005 max_time=1.0 calibration_precision=10 warmup=False warmup_iterations=100000)
rootdir: /Users/phx/git/whitney/submission/supplementary/code
configfile: pytest.ini
plugins: cov-6.0.0, hypothesis-6.122.3, benchmark-5.1.0, timeout-2.3.1
collected 30 items                                                                                                                           

tests/test_basis.py::test_inheritance PASSED                                                                                           [  3%]
tests/test_basis.py::test_basis_computation FAILED                                                                                     [  6%]
tests/test_basis.py::test_field_equations PASSED                                                                                       [ 10%]
tests/test_basis.py::test_evolution_operator FAILED                                                                                    [ 13%]
tests/test_basis.py::test_error_analysis PASSED                                                                                        [ 16%]
tests/test_basis.py::test_fractal_scaling SKIPPED (No non-zero values found for scaling comparison)                                    [ 20%]
tests/test_basis.py::test_quantum_coherence FAILED                                                                                     [ 23%]
tests/test_basis.py::test_ward_identity PASSED                                                                                         [ 26%]
tests/test_basis.py::test_holographic_correlators PASSED                                                                               [ 30%]
tests/test_basis.py::test_gauge_and_rg_invariance PASSED                                                                               [ 33%]
tests/test_basis.py::test_qft_axioms FAILED                                                                                            [ 36%]
tests/test_basis.py::test_symmetries_and_conservation PASSED                                                                           [ 40%]
tests/test_basis.py::test_invalid_inputs[-1-1.0] PASSED                                                                                [ 43%]
tests/test_basis.py::test_invalid_inputs[0--1.0] FAILED                                                                                [ 46%]
tests/test_basis.py::test_invalid_inputs[0-0.0] PASSED                                                                                 [ 50%]
tests/test_basis.py::test_physical_predictions FAILED                                                                                  [ 53%]
tests/test_basis.py::test_theorems_and_implications FAILED                                                                             [ 56%]
tests/test_basis.py::test_holographic_gravity PASSED                                                                                   [ 60%]
tests/test_basis.py::test_unified_holographic_framework FAILED                                                                         [ 63%]
tests/test_basis.py::test_unified_field_theory FAILED                                                                                  [ 66%]
tests/test_basis.py::test_standard_model_features FAILED                                                                               [ 70%]
tests/test_basis.py::test_complete_unification FAILED                                                                                  [ 73%]
tests/test_basis.py::test_quantum_gravity_unification FAILED                                                                           [ 76%]
tests/test_basis.py::test_consciousness_quantum_unification FAILED                                                                     [ 80%]
tests/test_basis.py::test_complete_unified_theory FAILED                                                                               [ 83%]
tests/test_basis.py::test_mathematical_reality_structure FAILED                                                                        [ 86%]
tests/test_basis.py::test_complete_reality_integration FAILED                                                                          [ 90%]
tests/test_basis.py::test_theory_of_everything FAILED                                                                                  [ 93%]
tests/test_basis.py::test_unified_integration FAILED                                                                                   [ 96%]
tests/test_basis.py::test_initialization FAILED                                                                                        [100%]
ERROR: Coverage failure: total of 32 is less than fail-under=80
/Users/phx/.pyenv/versions/deepfake/lib/python3.11/site-packages/pytest_cov/plugin.py:355: CovFailUnderWarning: Coverage failure: total of 32 is less than fail-under=80
  warnings.warn(CovFailUnderWarning(message), stacklevel=1)


============================================================== warnings summary ==============================================================
tests/test_basis.py::test_complete_unified_theory
  /Users/phx/git/whitney/submission/supplementary/code/tests/test_basis.py:1277: RuntimeWarning: divide by zero encountered in log
    C = -np.log(np.outer(Q, np.conjugate(Q))) + 1e-10

-- Docs: https://docs.pytest.org/en/stable/how-to/capture-warnings.html

--------- coverage: platform darwin, python 3.11.10-final-0 ----------
Name                        Stmts   Miss  Cover   Missing
---------------------------------------------------------
core/__init__.py                0      0   100%
core/basis.py                 196     97    51%   62-74, 85-104, 195-203, 216-225, 242, 258-260, 289-291, 300, 349, 367-383, 395-410, 420-435, 450-465, 479-489, 504-518, 536-552, 565-582
core/compute.py                77     77     0%   3-216
core/contexts.py               42     42     0%   3-185
core/detector.py               98     73    26%   48-52, 56-64, 68-77, 92-110, 124-135, 151-158, 163-166, 170-173, 177-183, 187, 191-201, 205-208
core/enums.py                   5      0   100%
core/errors.py                 26      0   100%
core/field.py                  51     32    37%   65-69, 79-127, 137-139, 148-162
core/mode_expansion.py         39     39     0%   3-89
core/modes.py                  43     23    47%   13, 32-33, 56-69, 88-92, 113-120, 141
core/numeric.py                13     13     0%   3-34
core/physics_constants.py      29      0   100%
core/precision.py              32     32     0%   3-83
core/stability.py              34     34     0%   3-133
core/transforms.py              7      3    57%   16-17, 32
core/types.py                 531    329    38%   43-53, 56, 59-64, 67-75, 96-106, 111, 116, 120-123, 127, 154, 165, 178, 182, 186, 201-206, 215-221, 230-236, 245-251, 298-302, 321-335, 357-368, 393-411, 436, 438, 440, 442, 444, 449, 453, 488-497, 512-525, 530, 532, 534, 536, 538, 566, 571-573, 588-596, 610-621, 625-639, 643, 658-662, 680-683, 687-690, 708-711, 732-746, 764-778, 800-804, 819, 834-841, 856-859, 865, 882-892, 926-928, 967-969, 988-1002, 1037-1039, 1060-1061, 1066-1067, 1070, 1080-1081, 1086, 1089, 1093, 1097, 1103-1108, 1117-1122, 1127, 1129, 1131, 1141, 1152, 1158, 1163, 1168, 1172-1174, 1179-1183, 1187-1189, 1194-1196, 1207, 1211, 1215-1230, 1234-1246, 1250, 1254-1256, 1264-1277, 1281-1289, 1293, 1298-1300, 1304-1306, 1316, 1331, 1335-1348, 1352-1353
core/utils.py                  91     67    26%   31-41, 64-67, 86-107, 119-129, 155-183, 209-230, 237-243, 266-271
core/validation.py             50     39    22%   23-28, 43-48, 52-85, 104-110, 123-128
core/version.py                77     77     0%   3-153
---------------------------------------------------------
TOTAL                        1441    977    32%
Coverage HTML written to dir htmlcov

FAIL Required test coverage of 80% not reached. Total coverage: 32.20%
============================================ 19 failed, 10 passed, 1 skipped, 1 warning in 2.05s =============================================
(deepfake) ╭─phx@birdbox ~/git/whitney/submission/supplementary/code ‹master●› 
╰─$                                                                                                                                       1 ↵
